\BOOKMARK [0][]{chapter.2}{1 Einleitung}{}% 1
\BOOKMARK [0][]{chapter.6}{2 Model der Bildaufnahme mit einer Kamera}{}% 2
\BOOKMARK [1][]{section.8}{2.1 Lochkameramodell zur Abbildung eines Punktes auf Bildebene}{chapter.6}% 3
\BOOKMARK [1][]{section.12}{2.2 Koordinatentransformation}{chapter.6}% 4
\BOOKMARK [1][]{section.48}{2.3 Aufname mit einer willk\374rlichen Kameraorientierung}{chapter.6}% 5
\BOOKMARK [0][]{chapter.72}{3 Basis Transformationen}{}% 6
\BOOKMARK [1][]{section.73}{3.1 Koordinatentransformation durch Basistransformationen}{chapter.72}% 7
\BOOKMARK [1][]{section.117}{3.2 Aubau der Koordinatenssysteme}{chapter.72}% 8
\BOOKMARK [0][]{chapter.145}{4 Homographien}{}% 9
\BOOKMARK [1][]{section.179}{4.1 Abbildungsunterschiede bei verschobenen Rotationsachsen}{chapter.145}% 10
\BOOKMARK [1][]{section.201}{4.2 Berechnung der Homographiematrix aus Bildebenenkoordinaten}{chapter.145}% 11
\BOOKMARK [0][]{chapter.230}{5 Epipolar Geometrie}{}% 12
\BOOKMARK [1][]{section.237}{5.1 Geometrische Erl\344uterung der Fundamentalmatrix und der Essentiellen Matrix}{chapter.230}% 13
\BOOKMARK [0][]{chapter.284}{6 Virtuelle Rekonstruktion}{}% 14
\BOOKMARK [1][]{section.287}{6.1 Vorgehen: Projektion eines Quaders in zwei verschieden transformierte Kameras}{chapter.284}% 15
\BOOKMARK [1][]{section.304}{6.2 Berechnung der Projetkionsmatritzen}{chapter.284}% 16
\BOOKMARK [1][]{section.319}{6.3 Transformation der Objektpunkte von Weltkoordinaten in Kamerakoordinaten}{chapter.284}% 17
\BOOKMARK [1][]{section.335}{6.4 Umrechnung von Bildebenenkoordinaten in Sensorkoordinaten}{chapter.284}% 18
\BOOKMARK [1][]{section.348}{6.5 Fundamentalmatrix und der eight-Point-Algorithmus}{chapter.284}% 19
\BOOKMARK [1][]{section.361}{6.6 Epipole und Epipolargeraden}{chapter.284}% 20
\BOOKMARK [2][]{subsection.367}{6.6.1 Geometrische Konstruktion der Epipole und der Epipolarlinien}{section.361}% 21
\BOOKMARK [1][]{section.380}{6.7 Essentiellen Matrix}{chapter.284}% 22
\BOOKMARK [1][]{section.393}{6.8 Exterenen Kameraparameter mit essentieller Matrix}{chapter.284}% 23
\BOOKMARK [1][]{section.416}{6.9 Szenenrekonstruktion durch Triangulation}{chapter.284}% 24
\BOOKMARK [1][]{section.424}{6.10 Rektifizierung}{chapter.284}% 25
\BOOKMARK [2][]{subsection.460}{6.10.1 Projektive Transformation}{section.424}% 26
\BOOKMARK [2][]{subsection.510}{6.10.2 \304hnlichkeitstransformation}{section.424}% 27
\BOOKMARK [2][]{subsection.538}{6.10.3 Scherungstransformation}{section.424}% 28
\BOOKMARK [0][]{chapter.566}{7 Auswirkungen von unterschiedlichen Kameraaufl\366sungen}{}% 29
\BOOKMARK [1][]{section.567}{7.1 Abbildungsunterschiede}{chapter.566}% 30
\BOOKMARK [1][]{section.571}{7.2 Auswirkungen auf die Epipolargeometrie}{chapter.566}% 31
\BOOKMARK [1][]{section.573}{7.3 Minimalbeispiel mit unterschiedlichen Kameraaufl\366sungen}{chapter.566}% 32
\BOOKMARK [0][]{chapter.587}{8 Relle Rekonstruktion}{}% 33
\BOOKMARK [1][]{section.588}{8.1 Arbeitsprozess}{chapter.587}% 34
\BOOKMARK [1][]{section.594}{8.2 Normalized-eight-Point-Algorithm}{chapter.587}% 35
\BOOKMARK [2][]{subsection.599}{8.2.1 Singularity-Constraint der Fundamentalmatrix}{section.594}% 36
\BOOKMARK [2][]{subsection.603}{8.2.2 Singularity- Constraint der essentiellen Matrix}{section.594}% 37
\BOOKMARK [1][]{section.604}{8.3 Szenenrekonstruktion}{chapter.587}% 38
\BOOKMARK [2][]{subsection.606}{8.3.1 Minimieren der Kostenfunktion durch Sampson-approximation}{section.604}% 39
\BOOKMARK [0][]{chapter.687}{9 3D-Stereokalibrierung und Szenenrekonstruktion mit reellen Daten und Kameras unterschiedlicher Aufl\366sung}{}% 40
\BOOKMARK [1][]{section.688}{9.1 Ergebnisse einer Stereoanalyse mit Kameras unterschiedlicher Aufl\366sung}{chapter.687}% 41
\BOOKMARK [0][]{chapter.697}{10 Punktesortierung in Schachbrettmustern}{}% 42
\BOOKMARK [1][]{section.698}{10.1 Algorithmus zur Punktesortierung in verzeichneten Schachbrettbildern}{chapter.697}% 43
\BOOKMARK [2][]{subsection.699}{10.1.1 Vorl\344ufiges Klassendiagramm}{section.698}% 44
\BOOKMARK [2][]{subsection.710}{10.1.2 Beispiele}{section.698}% 45
\BOOKMARK [0][]{chapter.716}{11 Appendix}{}% 46
\BOOKMARK [1][]{section.717}{11.1 Homographien bei Drehungen um ein Projektionszentrum}{chapter.716}% 47
\BOOKMARK [1][]{section.808}{11.2 Realbeispiel der Homographieberechnung bei Drehung um einen Drehpunkt}{chapter.716}% 48
\BOOKMARK [0][]{chapter.840}{12 Fazit - Conclusion}{}% 49
\BOOKMARK [0][]{chapter.841}{13 N\344chste Schritte - next steps}{}% 50
\BOOKMARK [0][]{chapter.842}{14 Protocol - 10.11.2015}{}% 51
\BOOKMARK [0][]{chapter.843}{15 Abk\374rzungsverzeichnis - List of Abbrevations}{}% 52
