\BOOKMARK [0][]{chapter.2}{1 Einleitung}{}% 1
\BOOKMARK [0][]{chapter.3}{2 Model der Bildaufnahme mit einer Kamera}{}% 2
\BOOKMARK [1][]{section.5}{2.1 Lochkameramodell zur Abbildung eines Punktes auf die Bildebene}{chapter.3}% 3
\BOOKMARK [1][]{section.9}{2.2 Koordinatentransformation}{chapter.3}% 4
\BOOKMARK [1][]{section.35}{2.3 Aufname mit einer willk\374rlichen Kameraorientierung}{chapter.3}% 5
\BOOKMARK [0][]{chapter.50}{3 Geometrische Beziehungen zwischen Punktekorrespondenzen}{}% 6
\BOOKMARK [1][]{section.59}{3.1 Korrespondenzen planarer Punktmengen mit Homographien}{chapter.50}% 7
\BOOKMARK [1][]{section.76}{3.2 Korrespondenzanalyse f\374r beliebige Punkte im Raum \(Epipolare Geometrie\)}{chapter.50}% 8
\BOOKMARK [1][]{section.109}{3.3 Bestimmung von Homographie und Fundamentalmatrix aus Punktekorrespondenzen}{chapter.50}% 9
\BOOKMARK [0][]{chapter.138}{4 Synthetische Rekonstruktion}{}% 10
\BOOKMARK [1][]{section.140}{4.1 Simulierte Bildaufnahme einer virtuellen Szene}{chapter.138}% 11
\BOOKMARK [1][]{section.173}{4.2 Bildanalyse}{chapter.138}% 12
\BOOKMARK [2][]{subsection.174}{4.2.1 Bestimmung der Abbildungsvorschriften}{section.173}% 13
\BOOKMARK [2][]{subsection.189}{4.2.2 Bestimmung der externen Kameraparameter}{section.173}% 14
\BOOKMARK [2][]{subsection.212}{4.2.3 Szenenrekonstruktion durch Triangulation}{section.173}% 15
\BOOKMARK [0][]{chapter.229}{5 Auswirkungen von unterschiedlichen Kameraaufl\366sungen}{}% 16
\BOOKMARK [1][]{section.230}{5.1 Abbildungsunterschiede}{chapter.229}% 17
\BOOKMARK [1][]{section.234}{5.2 Auswirkungen auf die Epipolargeometrie}{chapter.229}% 18
\BOOKMARK [1][]{section.236}{5.3 Minimalbeispiel mit unterschiedlichen Kameraaufl\366sungen}{chapter.229}% 19
\BOOKMARK [0][]{chapter.250}{6 Relle Rekonstruktion}{}% 20
\BOOKMARK [1][]{section.251}{6.1 Arbeitsprozess}{chapter.250}% 21
\BOOKMARK [1][]{section.257}{6.2 Normalized-eight-Point-Algorithm}{chapter.250}% 22
\BOOKMARK [2][]{subsection.262}{6.2.1 Singularity-Constraint der Fundamentalmatrix}{section.257}% 23
\BOOKMARK [2][]{subsection.266}{6.2.2 Singularity- Constraint der essentiellen Matrix}{section.257}% 24
\BOOKMARK [1][]{section.267}{6.3 Szenenrekonstruktion mit Sampson-Approximation}{chapter.250}% 25
\BOOKMARK [1][]{section.349}{6.4 Ergebnisse einer Stereoanalyse mit Kameras unterschiedlicher Aufl\366sung}{chapter.250}% 26
\BOOKMARK [0][]{chapter.358}{7 Vergleich entwickelter Rekonstruktions Algorithmus mit bereits vorhandenen \(Matlab\)}{}% 27
\BOOKMARK [1][]{section.394}{7.1 Projektive Transformation}{chapter.358}% 28
\BOOKMARK [1][]{section.444}{7.2 \304hnlichkeitstransformation}{chapter.358}% 29
\BOOKMARK [1][]{section.472}{7.3 Scherungstransformation}{chapter.358}% 30
\BOOKMARK [0][]{chapter.500}{8 Punktesortierung in Schachbrettmustern}{}% 31
\BOOKMARK [1][]{section.501}{8.1 Vorl\344ufiges Klassendiagramm}{chapter.500}% 32
\BOOKMARK [1][]{section.512}{8.2 Beispiele}{chapter.500}% 33
\BOOKMARK [0][]{chapter.518}{9 Fazit - Conclusion}{}% 34
\BOOKMARK [0][]{chapter.519}{10 Alternativen}{}% 35
\BOOKMARK [0][]{chapter.520}{11 Abk\374rzungsverzeichnis - List of Abbrevations}{}% 36
