\BOOKMARK [0][]{chapter.2}{1 Einleitung}{}% 1
\BOOKMARK [0][]{chapter.3}{2 Model der Bildaufnahme mit einer Kamera}{}% 2
\BOOKMARK [1][]{section.5}{2.1 Lochkameramodell zur Abbildung eines Punktes auf die Bildebene}{chapter.3}% 3
\BOOKMARK [1][]{section.9}{2.2 Koordinatentransformation}{chapter.3}% 4
\BOOKMARK [1][]{section.35}{2.3 Aufname mit einer willk\374rlichen Kameraorientierung}{chapter.3}% 5
\BOOKMARK [0][]{chapter.50}{3 Geometrische Beziehungen zwischen Punktekorrespondenzen}{}% 6
\BOOKMARK [1][]{section.59}{3.1 Korrespondenzen planarer Punktmengen mit Homographien}{chapter.50}% 7
\BOOKMARK [1][]{section.76}{3.2 Korrespondenzanalyse f\374r beliebige Punkte im Raum \(Epipolare Geometrie\)}{chapter.50}% 8
\BOOKMARK [1][]{section.109}{3.3 Bestimmung von Homographie und Fundamentalmatrix aus Punktekorrespondenzen}{chapter.50}% 9
\BOOKMARK [0][]{chapter.138}{4 Synthetische Rekonstruktion}{}% 10
\BOOKMARK [1][]{section.140}{4.1 Simulierte Bildaufnahme einer virtuellen Szene}{chapter.138}% 11
\BOOKMARK [1][]{section.173}{4.2 Bildanalyse}{chapter.138}% 12
\BOOKMARK [2][]{subsection.174}{4.2.1 Bestimmung der extrinsischen Kameraparameter}{section.173}% 13
\BOOKMARK [2][]{subsection.213}{4.2.2 Szenenrekonstruktion durch Triangulation}{section.173}% 14
\BOOKMARK [0][]{chapter.228}{5 Auswirkungen von unterschiedlichen Kameraaufl\366sungen}{}% 15
\BOOKMARK [1][]{section.229}{5.1 Geometrie eines Sensors}{chapter.228}% 16
\BOOKMARK [1][]{section.232}{5.2 Auswirkungen auf die Szenenrekonstruktion}{chapter.228}% 17
\BOOKMARK [0][]{chapter.254}{6 Reelle Rekonstruktion}{}% 18
\BOOKMARK [1][]{section.256}{6.1 Stereoaufbau}{chapter.254}% 19
\BOOKMARK [1][]{section.258}{6.2 Korrespondenzanalyse}{chapter.254}% 20
\BOOKMARK [1][]{section.260}{6.3 Normierter acht-Punkt-Algorithmus}{chapter.254}% 21
\BOOKMARK [2][]{subsection.269}{6.3.1 Singularit\344t der Fundamentalmatrix}{section.260}% 22
\BOOKMARK [2][]{subsection.273}{6.3.2 Singul\344rwerte der essentiellen Matrix}{section.260}% 23
\BOOKMARK [1][]{section.274}{6.4 Szenenrekonstruktion mit Sampson-Approximation}{chapter.254}% 24
\BOOKMARK [1][]{section.356}{6.5 Ergebnisse einer Stereoanalyse mit Kameras unterschiedlicher Aufl\366sung}{chapter.254}% 25
\BOOKMARK [0][]{chapter.365}{7 Vergleich entwickelter Rekonstruktions Algorithmus mit bereits vorhandenen \(Matlab\)}{}% 26
\BOOKMARK [1][]{section.401}{7.1 Projektive Transformation}{chapter.365}% 27
\BOOKMARK [1][]{section.451}{7.2 \304hnlichkeitstransformation}{chapter.365}% 28
\BOOKMARK [1][]{section.479}{7.3 Scherungstransformation}{chapter.365}% 29
\BOOKMARK [0][]{chapter.507}{8 Punktesortierung in Schachbrettmustern}{}% 30
\BOOKMARK [1][]{section.508}{8.1 Vorl\344ufiges Klassendiagramm}{chapter.507}% 31
\BOOKMARK [1][]{section.519}{8.2 Beispiele}{chapter.507}% 32
\BOOKMARK [0][]{chapter.525}{9 Fazit - Conclusion}{}% 33
\BOOKMARK [0][]{chapter.526}{10 Alternativen}{}% 34
\BOOKMARK [0][]{chapter.527}{11 Abk\374rzungsverzeichnis - List of Abbrevations}{}% 35
