\BOOKMARK [0][]{chapter.2}{1 Einleitung}{}% 1
\BOOKMARK [0][]{chapter.6}{2 Kameramodelle}{}% 2
\BOOKMARK [1][]{subsection.8}{2.0.1 Lochkameramodell}{chapter.6}% 3
\BOOKMARK [2][]{subsection.11}{2.0.2 Kameraparameter}{subsection.8}% 4
\BOOKMARK [0][]{chapter.24}{3 Basis Transformationen}{}% 5
\BOOKMARK [1][]{section.25}{3.1 Koordinatentransformation durch Basistransformationen}{chapter.24}% 6
\BOOKMARK [1][]{section.83}{3.2 Koordinatensysteme und Transformationen f\374r die Stereobildanalyse}{chapter.24}% 7
\BOOKMARK [1][]{section.84}{3.3 Aubau der Koordinatenssysteme}{chapter.24}% 8
\BOOKMARK [0][]{chapter.123}{4 Homographien}{}% 9
\BOOKMARK [1][]{section.152}{4.1 Homographien bei Drehungen um ein Projektionszentrum}{chapter.123}% 10
\BOOKMARK [1][]{section.243}{4.2 Abbildungsunterschiede bei verschobenen Rotationsachsen}{chapter.123}% 11
\BOOKMARK [0][]{chapter.299}{5 Epipolar Geometrie}{}% 12
\BOOKMARK [1][]{section.302}{5.1 Geometrische Erl\344uterung der Fundamentalmatrix und der Essentiellen Matrix}{chapter.299}% 13
\BOOKMARK [0][]{chapter.351}{6 Minimalbeispiel 3D-Stereokalibrierung und Szenenrekonstruktion bei Kameras gleicher Aufl\366sung}{}% 14
\BOOKMARK [1][]{section.354}{6.1 Vorgehen: Projektion eines Quaders in zwei verschieden transformierte Kameras}{chapter.351}% 15
\BOOKMARK [1][]{section.371}{6.2 Berechnung der Projetkionsmatritzen}{chapter.351}% 16
\BOOKMARK [1][]{section.386}{6.3 Transformation der Objektpunkte von Weltkoordinaten in Kamerakoordinaten}{chapter.351}% 17
\BOOKMARK [1][]{section.402}{6.4 Umrechnung von Bildebenenkoordinaten in Sensorkoordinaten}{chapter.351}% 18
\BOOKMARK [1][]{section.415}{6.5 Fundamentalmatrix und der eight-Point-Algorithmus}{chapter.351}% 19
\BOOKMARK [1][]{section.428}{6.6 Epipole und Epipolargeraden}{chapter.351}% 20
\BOOKMARK [2][]{subsection.434}{6.6.1 Geometrische Konstruktion der Epipole und der Epipolarlinien}{section.428}% 21
\BOOKMARK [1][]{section.447}{6.7 Essentiellen Matrix}{chapter.351}% 22
\BOOKMARK [1][]{section.460}{6.8 Exterenen Kameraparameter mit essentieller Matrix}{chapter.351}% 23
\BOOKMARK [1][]{section.483}{6.9 Szenenrekonstruktion durch Triangulation}{chapter.351}% 24
\BOOKMARK [1][]{section.491}{6.10 Rektifizierung}{chapter.351}% 25
\BOOKMARK [2][]{subsection.527}{6.10.1 Projektive Transformation}{section.491}% 26
\BOOKMARK [2][]{subsection.577}{6.10.2 \304hnlichkeitstransformation}{section.491}% 27
\BOOKMARK [2][]{subsection.605}{6.10.3 Scherungstransformation}{section.491}% 28
\BOOKMARK [0][]{chapter.633}{7 Auswirkungen von unterschiedlichen Kameraaufl\366sungen}{}% 29
\BOOKMARK [1][]{section.634}{7.1 Abbildungsunterschiede}{chapter.633}% 30
\BOOKMARK [1][]{section.638}{7.2 Auswirkungen auf die Epipolargeometrie}{chapter.633}% 31
\BOOKMARK [1][]{section.640}{7.3 Minimalbeispiel mit unterschiedlichen Kameraaufl\366sungen}{chapter.633}% 32
\BOOKMARK [0][]{chapter.654}{8 3D-Stereokalibrierung und Szenenrekonstruktion mit reellen Daten und Kameras gleicher Aufl\366sung}{}% 33
\BOOKMARK [1][]{section.655}{8.1 Arbeitsprozess}{chapter.654}% 34
\BOOKMARK [1][]{section.661}{8.2 Normalized-eight-Point-Algorithm}{chapter.654}% 35
\BOOKMARK [2][]{subsection.666}{8.2.1 Singularity-Constraint der Fundamentalmatrix}{section.661}% 36
\BOOKMARK [2][]{subsection.670}{8.2.2 Singularity- Constraint der essentiellen Matrix}{section.661}% 37
\BOOKMARK [1][]{section.671}{8.3 Szenenrekonstruktion}{chapter.654}% 38
\BOOKMARK [2][]{subsection.673}{8.3.1 Minimieren der Kostenfunktion durch Sampson-approximation}{section.671}% 39
\BOOKMARK [0][]{chapter.754}{9 3D-Stereokalibrierung und Szenenrekonstruktion mit reellen Daten und Kameras unterschiedlicher Aufl\366sung}{}% 40
\BOOKMARK [1][]{section.755}{9.1 Ergebnisse einer Stereoanalyse mit Kameras unterschiedlicher Aufl\366sung}{chapter.754}% 41
\BOOKMARK [0][]{chapter.764}{10 Punktesortierung in Schachbrettmustern}{}% 42
\BOOKMARK [1][]{section.765}{10.1 Algorithmus zur Punktesortierung in verzeichneten Schachbrettbildern}{chapter.764}% 43
\BOOKMARK [2][]{subsection.766}{10.1.1 Vorl\344ufiges Klassendiagramm}{section.765}% 44
\BOOKMARK [2][]{subsection.777}{10.1.2 Beispiele}{section.765}% 45
\BOOKMARK [0][]{chapter.783}{11 Appendix}{}% 46
\BOOKMARK [0][]{chapter.784}{12 Fazit - Conclusion}{}% 47
\BOOKMARK [0][]{chapter.785}{13 N\344chste Schritte - next steps}{}% 48
\BOOKMARK [0][]{chapter.786}{14 Protocol - 10.11.2015}{}% 49
\BOOKMARK [0][]{chapter.787}{15 Abk\374rzungsverzeichnis - List of Abbrevations}{}% 50
