\BOOKMARK [0][]{chapter.2}{1 Einleitung}{}% 1
\BOOKMARK [0][]{chapter.3}{2 Model der Bildaufnahme mit einer Kamera}{}% 2
\BOOKMARK [1][]{section.5}{2.1 Lochkameramodell zur Abbildung eines Punktes auf Bildebene}{chapter.3}% 3
\BOOKMARK [1][]{section.9}{2.2 Koordinatentransformation}{chapter.3}% 4
\BOOKMARK [1][]{section.43}{2.3 Aufname mit einer willk\374rlichen Kameraorientierung}{chapter.3}% 5
\BOOKMARK [0][]{chapter.63}{3 Geometrische Beziehungen zwischen Punktekorrespondenzen}{}% 6
\BOOKMARK [1][]{section.64}{3.1 Korrespondenzanalyse f\374r Punkte auf einer Ebene \(Homographie\)}{chapter.63}% 7
\BOOKMARK [1][]{section.82}{3.2 Korrespondenzanalyse f\374r willk\374rliche Punkte ?im Raum? \(Epipolare Geometrie\)}{chapter.63}% 8
\BOOKMARK [1][]{section.93}{3.3 geometrische Erl\344uterung der Epipolargeometrie}{chapter.63}% 9
\BOOKMARK [1][]{section.96}{3.4 Bestimmung von Homographie und Fundamentalmatrix aus Punktekorrespondenzen}{chapter.63}% 10
\BOOKMARK [0][]{chapter.137}{4 Virtuelle Rekonstruktion}{}% 11
\BOOKMARK [1][]{section.139}{4.1 Erstellen eines virtuellen Stereoaufbaus}{chapter.137}% 12
\BOOKMARK [1][]{section.170}{4.2 Bildanalyse}{chapter.137}% 13
\BOOKMARK [2][]{subsection.171}{4.2.1 Bestimmung der Abbildungsvorschriften}{section.170}% 14
\BOOKMARK [2][]{subsection.184}{4.2.2 Bestimmung der externen Kameraparameter}{section.170}% 15
\BOOKMARK [2][]{subsection.207}{4.2.3 Szenenrekonstruktion durch Triangulation}{section.170}% 16
\BOOKMARK [0][]{chapter.215}{5 Auswirkungen von unterschiedlichen Kameraaufl\366sungen}{}% 17
\BOOKMARK [1][]{section.216}{5.1 Abbildungsunterschiede}{chapter.215}% 18
\BOOKMARK [1][]{section.220}{5.2 Auswirkungen auf die Epipolargeometrie}{chapter.215}% 19
\BOOKMARK [1][]{section.222}{5.3 Minimalbeispiel mit unterschiedlichen Kameraaufl\366sungen}{chapter.215}% 20
\BOOKMARK [0][]{chapter.236}{6 Relle Rekonstruktion}{}% 21
\BOOKMARK [1][]{section.237}{6.1 Arbeitsprozess}{chapter.236}% 22
\BOOKMARK [1][]{section.243}{6.2 Normalized-eight-Point-Algorithm}{chapter.236}% 23
\BOOKMARK [2][]{subsection.248}{6.2.1 Singularity-Constraint der Fundamentalmatrix}{section.243}% 24
\BOOKMARK [2][]{subsection.252}{6.2.2 Singularity- Constraint der essentiellen Matrix}{section.243}% 25
\BOOKMARK [1][]{section.253}{6.3 Szenenrekonstruktion}{chapter.236}% 26
\BOOKMARK [2][]{subsection.255}{6.3.1 Minimieren der Kostenfunktion durch Sampson-approximation}{section.253}% 27
\BOOKMARK [1][]{section.336}{6.4 Ergebnisse einer Stereoanalyse mit Kameras unterschiedlicher Aufl\366sung}{chapter.236}% 28
\BOOKMARK [0][]{chapter.345}{7 Vergleich entwickelter Rekonstruktions Algorithmus mit bereits vorhandenen \(Matlab\)}{}% 29
\BOOKMARK [1][]{subsection.381}{7.0.1 Projektive Transformation}{chapter.345}% 30
\BOOKMARK [2][]{subsection.431}{7.0.2 \304hnlichkeitstransformation}{subsection.381}% 31
\BOOKMARK [2][]{subsection.459}{7.0.3 Scherungstransformation}{subsection.381}% 32
\BOOKMARK [0][]{chapter.487}{8 Punktesortierung in Schachbrettmustern}{}% 33
\BOOKMARK [1][]{section.488}{8.1 Algorithmus zur Punktesortierung in verzeichneten Schachbrettbildern}{chapter.487}% 34
\BOOKMARK [2][]{subsection.489}{8.1.1 Vorl\344ufiges Klassendiagramm}{section.488}% 35
\BOOKMARK [2][]{subsection.500}{8.1.2 Beispiele}{section.488}% 36
\BOOKMARK [0][]{chapter.506}{9 Fazit - Conclusion}{}% 37
\BOOKMARK [0][]{chapter.507}{10 N\344chste Schritte - next steps}{}% 38
\BOOKMARK [0][]{chapter.508}{11 Protocol - 10.11.2015}{}% 39
\BOOKMARK [0][]{chapter.509}{12 Abk\374rzungsverzeichnis - List of Abbrevations}{}% 40
