\BOOKMARK [0][]{chapter.2}{1 Einleitung}{}% 1
\BOOKMARK [0][]{chapter.3}{2 Kameramodel}{}% 2
\BOOKMARK [1][]{section.5}{2.1 Lochkameramodell}{chapter.3}% 3
\BOOKMARK [1][]{section.16}{2.2 Koordinatentransformation}{chapter.3}% 4
\BOOKMARK [1][]{section.60}{2.3 Aufname mit einer willk\374rlichen Kameraorientierung}{chapter.3}% 5
\BOOKMARK [0][]{chapter.84}{3 Homographien}{}% 6
\BOOKMARK [1][]{section.116}{3.1 Abbildungsunterschiede bei verschobenen Rotationsachsen}{chapter.84}% 7
\BOOKMARK [1][]{section.138}{3.2 Berechnung der Homographiematrix aus Bildebenenkoordinaten}{chapter.84}% 8
\BOOKMARK [0][]{chapter.167}{4 Epipolar Geometrie}{}% 9
\BOOKMARK [1][]{section.174}{4.1 Geometrische Erl\344uterung der Fundamentalmatrix und der Essentiellen Matrix}{chapter.167}% 10
\BOOKMARK [0][]{chapter.221}{5 Virtuelle Rekonstruktion}{}% 11
\BOOKMARK [1][]{section.225}{5.1 Vorgehen: Projektion eines Quaders in zwei verschieden transformierte Kameras}{chapter.221}% 12
\BOOKMARK [1][]{section.242}{5.2 Berechnung der Projetkionsmatritzen}{chapter.221}% 13
\BOOKMARK [1][]{section.257}{5.3 Transformation der Objektpunkte von Weltkoordinaten in Kamerakoordinaten}{chapter.221}% 14
\BOOKMARK [1][]{section.273}{5.4 Umrechnung von Bildebenenkoordinaten in Sensorkoordinaten}{chapter.221}% 15
\BOOKMARK [1][]{section.286}{5.5 Fundamentalmatrix und der eight-Point-Algorithmus}{chapter.221}% 16
\BOOKMARK [1][]{section.299}{5.6 Epipole und Epipolargeraden}{chapter.221}% 17
\BOOKMARK [2][]{subsection.305}{5.6.1 Geometrische Konstruktion der Epipole und der Epipolarlinien}{section.299}% 18
\BOOKMARK [1][]{section.318}{5.7 Essentiellen Matrix}{chapter.221}% 19
\BOOKMARK [1][]{section.331}{5.8 Exterenen Kameraparameter mit essentieller Matrix}{chapter.221}% 20
\BOOKMARK [1][]{section.354}{5.9 Szenenrekonstruktion durch Triangulation}{chapter.221}% 21
\BOOKMARK [1][]{section.362}{5.10 Rektifizierung}{chapter.221}% 22
\BOOKMARK [2][]{subsection.398}{5.10.1 Projektive Transformation}{section.362}% 23
\BOOKMARK [2][]{subsection.448}{5.10.2 \304hnlichkeitstransformation}{section.362}% 24
\BOOKMARK [2][]{subsection.476}{5.10.3 Scherungstransformation}{section.362}% 25
\BOOKMARK [0][]{chapter.504}{6 Auswirkungen von unterschiedlichen Kameraaufl\366sungen}{}% 26
\BOOKMARK [1][]{section.505}{6.1 Abbildungsunterschiede}{chapter.504}% 27
\BOOKMARK [1][]{section.509}{6.2 Auswirkungen auf die Epipolargeometrie}{chapter.504}% 28
\BOOKMARK [1][]{section.511}{6.3 Minimalbeispiel mit unterschiedlichen Kameraaufl\366sungen}{chapter.504}% 29
\BOOKMARK [0][]{chapter.525}{7 Relle Rekonstruktion}{}% 30
\BOOKMARK [1][]{section.526}{7.1 Arbeitsprozess}{chapter.525}% 31
\BOOKMARK [1][]{section.532}{7.2 Normalized-eight-Point-Algorithm}{chapter.525}% 32
\BOOKMARK [2][]{subsection.537}{7.2.1 Singularity-Constraint der Fundamentalmatrix}{section.532}% 33
\BOOKMARK [2][]{subsection.541}{7.2.2 Singularity- Constraint der essentiellen Matrix}{section.532}% 34
\BOOKMARK [1][]{section.542}{7.3 Szenenrekonstruktion}{chapter.525}% 35
\BOOKMARK [2][]{subsection.544}{7.3.1 Minimieren der Kostenfunktion durch Sampson-approximation}{section.542}% 36
\BOOKMARK [0][]{chapter.625}{8 3D-Stereokalibrierung und Szenenrekonstruktion mit reellen Daten und Kameras unterschiedlicher Aufl\366sung}{}% 37
\BOOKMARK [1][]{section.626}{8.1 Ergebnisse einer Stereoanalyse mit Kameras unterschiedlicher Aufl\366sung}{chapter.625}% 38
\BOOKMARK [0][]{chapter.635}{9 Punktesortierung in Schachbrettmustern}{}% 39
\BOOKMARK [1][]{section.636}{9.1 Algorithmus zur Punktesortierung in verzeichneten Schachbrettbildern}{chapter.635}% 40
\BOOKMARK [2][]{subsection.637}{9.1.1 Vorl\344ufiges Klassendiagramm}{section.636}% 41
\BOOKMARK [2][]{subsection.648}{9.1.2 Beispiele}{section.636}% 42
\BOOKMARK [0][]{chapter.654}{10 Appendix}{}% 43
\BOOKMARK [1][]{section.655}{10.1 Homographien bei Drehungen um ein Projektionszentrum}{chapter.654}% 44
\BOOKMARK [1][]{section.746}{10.2 Realbeispiel der Homographieberechnung bei Drehung um einen Drehpunkt}{chapter.654}% 45
\BOOKMARK [0][]{chapter.778}{11 Fazit - Conclusion}{}% 46
\BOOKMARK [0][]{chapter.779}{12 N\344chste Schritte - next steps}{}% 47
\BOOKMARK [0][]{chapter.780}{13 Protocol - 10.11.2015}{}% 48
\BOOKMARK [0][]{chapter.781}{14 Abk\374rzungsverzeichnis - List of Abbrevations}{}% 49
