\BOOKMARK [0][]{chapter.2}{1 Einleitung}{}% 1
\BOOKMARK [0][]{chapter.6}{2 Kameramodelle}{}% 2
\BOOKMARK [1][]{subsection.8}{2.0.1 Lochkameramodell}{chapter.6}% 3
\BOOKMARK [2][]{subsection.11}{2.0.2 Kameraparameter}{subsection.8}% 4
\BOOKMARK [0][]{chapter.24}{3 Basis Transformationen}{}% 5
\BOOKMARK [1][]{section.25}{3.1 Koordinatentransformation durch Basistransformationen}{chapter.24}% 6
\BOOKMARK [1][]{section.69}{3.2 Koordinatensysteme und Transformationen f\374r die Stereobildanalyse}{chapter.24}% 7
\BOOKMARK [1][]{section.70}{3.3 Aubau der Koordinatenssysteme}{chapter.24}% 8
\BOOKMARK [0][]{chapter.109}{4 Homographien}{}% 9
\BOOKMARK [1][]{section.138}{4.1 Homographien bei Drehungen um ein Projektionszentrum}{chapter.109}% 10
\BOOKMARK [1][]{section.229}{4.2 Abbildungsunterschiede bei verschobenen Rotationsachsen}{chapter.109}% 11
\BOOKMARK [0][]{chapter.285}{5 Epipolar Geometrie}{}% 12
\BOOKMARK [1][]{section.288}{5.1 Geometrische Erl\344uterung der Fundamentalmatrix und der Essentiellen Matrix}{chapter.285}% 13
\BOOKMARK [0][]{chapter.337}{6 Minimalbeispiel 3D-Stereokalibrierung und Szenenrekonstruktion bei Kameras gleicher Aufl\366sung}{}% 14
\BOOKMARK [1][]{section.340}{6.1 Vorgehen: Projektion eines Quaders in zwei verschieden transformierte Kameras}{chapter.337}% 15
\BOOKMARK [1][]{section.357}{6.2 Berechnung der Projetkionsmatritzen}{chapter.337}% 16
\BOOKMARK [1][]{section.372}{6.3 Transformation der Objektpunkte von Weltkoordinaten in Kamerakoordinaten}{chapter.337}% 17
\BOOKMARK [1][]{section.388}{6.4 Umrechnung von Bildebenenkoordinaten in Sensorkoordinaten}{chapter.337}% 18
\BOOKMARK [1][]{section.401}{6.5 Fundamentalmatrix und der eight-Point-Algorithmus}{chapter.337}% 19
\BOOKMARK [1][]{section.414}{6.6 Epipole und Epipolargeraden}{chapter.337}% 20
\BOOKMARK [2][]{subsection.420}{6.6.1 Geometrische Konstruktion der Epipole und der Epipolarlinien}{section.414}% 21
\BOOKMARK [1][]{section.433}{6.7 Essentiellen Matrix}{chapter.337}% 22
\BOOKMARK [1][]{section.446}{6.8 Exterenen Kameraparameter mit essentieller Matrix}{chapter.337}% 23
\BOOKMARK [1][]{section.469}{6.9 Szenenrekonstruktion durch Triangulation}{chapter.337}% 24
\BOOKMARK [1][]{section.477}{6.10 Rektifizierung}{chapter.337}% 25
\BOOKMARK [2][]{subsection.513}{6.10.1 Projektive Transformation}{section.477}% 26
\BOOKMARK [2][]{subsection.563}{6.10.2 \304hnlichkeitstransformation}{section.477}% 27
\BOOKMARK [2][]{subsection.591}{6.10.3 Scherungstransformation}{section.477}% 28
\BOOKMARK [0][]{chapter.619}{7 Auswirkungen von unterschiedlichen Kameraaufl\366sungen}{}% 29
\BOOKMARK [1][]{section.620}{7.1 Abbildungsunterschiede}{chapter.619}% 30
\BOOKMARK [1][]{section.624}{7.2 Auswirkungen auf die Epipolargeometrie}{chapter.619}% 31
\BOOKMARK [1][]{section.626}{7.3 Minimalbeispiel mit unterschiedlichen Kameraaufl\366sungen}{chapter.619}% 32
\BOOKMARK [0][]{chapter.640}{8 3D-Stereokalibrierung und Szenenrekonstruktion mit reellen Daten und Kameras gleicher Aufl\366sung}{}% 33
\BOOKMARK [1][]{section.641}{8.1 Arbeitsprozess}{chapter.640}% 34
\BOOKMARK [1][]{section.647}{8.2 Normalized-eight-Point-Algorithm}{chapter.640}% 35
\BOOKMARK [2][]{subsection.652}{8.2.1 Singularity-Constraint der Fundamentalmatrix}{section.647}% 36
\BOOKMARK [2][]{subsection.656}{8.2.2 Singularity- Constraint der essentiellen Matrix}{section.647}% 37
\BOOKMARK [1][]{section.657}{8.3 Szenenrekonstruktion}{chapter.640}% 38
\BOOKMARK [2][]{subsection.659}{8.3.1 Minimieren der Kostenfunktion durch Sampson-approximation}{section.657}% 39
\BOOKMARK [0][]{chapter.740}{9 3D-Stereokalibrierung und Szenenrekonstruktion mit reellen Daten und Kameras unterschiedlicher Aufl\366sung}{}% 40
\BOOKMARK [1][]{section.741}{9.1 Ergebnisse einer Stereoanalyse mit Kameras unterschiedlicher Aufl\366sung}{chapter.740}% 41
\BOOKMARK [0][]{chapter.750}{10 Punktesortierung in Schachbrettmustern}{}% 42
\BOOKMARK [1][]{section.751}{10.1 Algorithmus zur Punktesortierung in verzeichneten Schachbrettbildern}{chapter.750}% 43
\BOOKMARK [2][]{subsection.752}{10.1.1 Vorl\344ufiges Klassendiagramm}{section.751}% 44
\BOOKMARK [2][]{subsection.763}{10.1.2 Beispiele}{section.751}% 45
\BOOKMARK [0][]{chapter.769}{11 Appendix}{}% 46
\BOOKMARK [0][]{chapter.770}{12 Fazit - Conclusion}{}% 47
\BOOKMARK [0][]{chapter.771}{13 N\344chste Schritte - next steps}{}% 48
\BOOKMARK [0][]{chapter.772}{14 Protocol - 10.11.2015}{}% 49
\BOOKMARK [0][]{chapter.773}{15 Abk\374rzungsverzeichnis - List of Abbrevations}{}% 50
